----------------------------------------------------------------
Wed May 05 22:22:44 SGT 2021:
Booting Derby (version The Apache Software Foundation - Apache Derby - 10.13.1.1 - (1765088)) instance a816c00e-0179-3ce8-da5d-00000b810518 
on database directory classpath:SIS_DATA/Databases/SpatialMetadata in READ ONLY mode with class loader sun.misc.Launcher$AppClassLoader@18b4aac2. 
Loaded from file:/C:/Users/Shiying/.m2/repository/org/apache/derby/derby/10.13.1.1/derby-10.13.1.1.jar.
java.vendor=Oracle Corporation
java.runtime.version=1.8.0_291-b10
user.dir=C:\Users\Shiying\Documents\CKG\jena-geo
os.name=Windows 10
os.arch=amd64
os.version=10.0
derby.system.home=null
Database Class Loader started - derby.database.classpath=''
----------------------------------------------------------------
Wed May 05 22:22:44 SGT 2021:
Shutting down instance a816c00e-0179-3ce8-da5d-00000b810518 on database directory classpath:SIS_DATA/Databases/SpatialMetadata with class loader sun.misc.Launcher$AppClassLoader@18b4aac2 
Wed May 05 22:22:44 SGT 2021 Thread[main,5,main] Cleanup action starting
java.sql.SQLException: Failed to start database 'classpath:SIS_DATA/Databases/SpatialMetadata' with class loader sun.misc.Launcher$AppClassLoader@18b4aac2, see the next exception for details.
	at org.apache.derby.impl.jdbc.SQLExceptionFactory.getSQLException(Unknown Source)
	at org.apache.derby.impl.jdbc.SQLExceptionFactory.getSQLException(Unknown Source)
	at org.apache.derby.impl.jdbc.Util.seeNextException(Unknown Source)
	at org.apache.derby.impl.jdbc.EmbedConnection.bootDatabase(Unknown Source)
	at org.apache.derby.impl.jdbc.EmbedConnection.<init>(Unknown Source)
	at org.apache.derby.jdbc.InternalDriver$1.run(Unknown Source)
	at org.apache.derby.jdbc.InternalDriver$1.run(Unknown Source)
	at java.security.AccessController.doPrivileged(Native Method)
	at org.apache.derby.jdbc.InternalDriver.getNewEmbedConnection(Unknown Source)
	at org.apache.derby.jdbc.InternalDriver.connect(Unknown Source)
	at org.apache.derby.jdbc.BasicEmbeddedDataSource40.getConnection(Unknown Source)
	at org.apache.derby.jdbc.BasicEmbeddedDataSource40.getConnection(Unknown Source)
	at org.apache.sis.internal.metadata.sql.LocalDataSource.getConnection(LocalDataSource.java:381)
	at org.apache.sis.referencing.factory.sql.EPSGFactory.newDataAccess(EPSGFactory.java:458)
	at org.apache.sis.referencing.factory.sql.EPSGFactory.newDataAccess(EPSGFactory.java:89)
	at org.apache.sis.referencing.factory.ConcurrentAuthorityFactory.getDataAccess(ConcurrentAuthorityFactory.java:397)
	at org.apache.sis.referencing.factory.ConcurrentAuthorityFactory.create(ConcurrentAuthorityFactory.java:1671)
	at org.apache.sis.referencing.factory.ConcurrentAuthorityFactory.createCoordinateReferenceSystem(ConcurrentAuthorityFactory.java:873)
	at org.apache.sis.referencing.factory.GeodeticAuthorityFactory.createGeographicCRS(GeodeticAuthorityFactory.java:277)
	at org.apache.sis.referencing.factory.ConcurrentAuthorityFactory.createGeographicCRS(ConcurrentAuthorityFactory.java:894)
	at org.apache.sis.referencing.CommonCRS.geographic(CommonCRS.java:644)
	at org.apache.sis.referencing.CommonCRS.normalizedGeographic(CommonCRS.java:599)
	at org.apache.sis.referencing.factory.CommonAuthorityFactory.createCoordinateReferenceSystem(CommonAuthorityFactory.java:549)
	at org.apache.sis.referencing.factory.AuthorityFactoryProxy$22.createFromAPI(AuthorityFactoryProxy.java:398)
	at org.apache.sis.referencing.factory.AuthorityFactoryProxy$22.createFromAPI(AuthorityFactoryProxy.java:393)
	at org.apache.sis.referencing.factory.MultiAuthoritiesFactory.create(MultiAuthoritiesFactory.java:860)
	at org.apache.sis.referencing.factory.MultiAuthoritiesFactory.createCoordinateReferenceSystem(MultiAuthoritiesFactory.java:921)
	at org.apache.sis.referencing.CRS.forCode(CRS.java:243)
	at io.github.galbiston.geosparql_jena.implementation.SRSInfo.getDefaultWktCRS84(SRSInfo.java:240)
	at io.github.galbiston.geosparql_jena.implementation.SRSInfo.<clinit>(SRSInfo.java:49)
	at io.github.galbiston.geosparql_jena.implementation.registry.SRSRegistry.storeSRS(SRSRegistry.java:73)
	at io.github.galbiston.geosparql_jena.implementation.registry.SRSRegistry.getAxisXY(SRSRegistry.java:51)
	at io.github.galbiston.geosparql_jena.implementation.GeometryReverse.check(GeometryReverse.java:45)
	at io.github.galbiston.geosparql_jena.implementation.GeometryWrapperFactory.createGeometry(GeometryWrapperFactory.java:218)
	at io.github.galbiston.geosparql_jena.implementation.GeometryWrapperFactory.createPolygon(GeometryWrapperFactory.java:105)
	at io.github.galbiston.geosparql_jena.implementation.GeometryWrapperFactory.createPolygon(GeometryWrapperFactory.java:276)
	at Tutorial_Transform.createNode(Tutorial_Transform.java:82)
	at Tutorial_Transform.main(Tutorial_Transform.java:42)
Caused by: ERROR XJ040: Failed to start database 'classpath:SIS_DATA/Databases/SpatialMetadata' with class loader sun.misc.Launcher$AppClassLoader@18b4aac2, see the next exception for details.
	at org.apache.derby.iapi.error.StandardException.newException(Unknown Source)
	at org.apache.derby.impl.jdbc.SQLExceptionFactory.wrapArgsForTransportAcrossDRDA(Unknown Source)
	... 38 more
Caused by: ERROR XCL20: Catalogs at version level 'null' cannot be upgraded to version level '10.13'.
	at org.apache.derby.iapi.error.StandardException.newException(Unknown Source)
	at org.apache.derby.iapi.error.StandardException.newException(Unknown Source)
	at org.apache.derby.impl.sql.catalog.DD_Version.upgradeIfNeeded(Unknown Source)
	at org.apache.derby.impl.sql.catalog.DataDictionaryImpl.loadDictionaryTables(Unknown Source)
	at org.apache.derby.impl.sql.catalog.DataDictionaryImpl.boot(Unknown Source)
	at org.apache.derby.impl.services.monitor.BaseMonitor.boot(Unknown Source)
	at org.apache.derby.impl.services.monitor.TopService.bootModule(Unknown Source)
	at org.apache.derby.impl.services.monitor.BaseMonitor.startModule(Unknown Source)
	at org.apache.derby.impl.services.monitor.FileMonitor.startModule(Unknown Source)
	at org.apache.derby.iapi.services.monitor.Monitor.bootServiceModule(Unknown Source)
	at org.apache.derby.impl.db.BasicDatabase$5.run(Unknown Source)
	at java.security.AccessController.doPrivileged(Native Method)
	at org.apache.derby.impl.db.BasicDatabase.bootServiceModule(Unknown Source)
	at org.apache.derby.impl.db.BasicDatabase.boot(Unknown Source)
	at org.apache.derby.impl.services.monitor.BaseMonitor.boot(Unknown Source)
	at org.apache.derby.impl.services.monitor.TopService.bootModule(Unknown Source)
	at org.apache.derby.impl.services.monitor.BaseMonitor.bootService(Unknown Source)
	at org.apache.derby.impl.services.monitor.BaseMonitor.startProviderService(Unknown Source)
	at org.apache.derby.impl.services.monitor.BaseMonitor.findProviderAndStartService(Unknown Source)
	at org.apache.derby.impl.services.monitor.BaseMonitor.startPersistentService(Unknown Source)
	at org.apache.derby.iapi.services.monitor.Monitor.startPersistentService(Unknown Source)
	at org.apache.derby.impl.jdbc.EmbedConnection$4.run(Unknown Source)
	at org.apache.derby.impl.jdbc.EmbedConnection$4.run(Unknown Source)
	at java.security.AccessController.doPrivileged(Native Method)
	at org.apache.derby.impl.jdbc.EmbedConnection.startPersistentService(Unknown Source)
	... 35 more
============= begin nested exception, level (1) ===========
java.sql.SQLException: Catalogs at version level 'null' cannot be upgraded to version level '10.13'.
	at org.apache.derby.impl.jdbc.SQLExceptionFactory.getSQLException(Unknown Source)
	at org.apache.derby.impl.jdbc.Util.generateCsSQLException(Unknown Source)
	at org.apache.derby.impl.jdbc.EmbedConnection.bootDatabase(Unknown Source)
	at org.apache.derby.impl.jdbc.EmbedConnection.<init>(Unknown Source)
	at org.apache.derby.jdbc.InternalDriver$1.run(Unknown Source)
	at org.apache.derby.jdbc.InternalDriver$1.run(Unknown Source)
	at java.security.AccessController.doPrivileged(Native Method)
	at org.apache.derby.jdbc.InternalDriver.getNewEmbedConnection(Unknown Source)
	at org.apache.derby.jdbc.InternalDriver.connect(Unknown Source)
	at org.apache.derby.jdbc.BasicEmbeddedDataSource40.getConnection(Unknown Source)
	at org.apache.derby.jdbc.BasicEmbeddedDataSource40.getConnection(Unknown Source)
	at org.apache.sis.internal.metadata.sql.LocalDataSource.getConnection(LocalDataSource.java:381)
	at org.apache.sis.referencing.factory.sql.EPSGFactory.newDataAccess(EPSGFactory.java:458)
	at org.apache.sis.referencing.factory.sql.EPSGFactory.newDataAccess(EPSGFactory.java:89)
	at org.apache.sis.referencing.factory.ConcurrentAuthorityFactory.getDataAccess(ConcurrentAuthorityFactory.java:397)
	at org.apache.sis.referencing.factory.ConcurrentAuthorityFactory.create(ConcurrentAuthorityFactory.java:1671)
	at org.apache.sis.referencing.factory.ConcurrentAuthorityFactory.createCoordinateReferenceSystem(ConcurrentAuthorityFactory.java:873)
	at org.apache.sis.referencing.factory.GeodeticAuthorityFactory.createGeographicCRS(GeodeticAuthorityFactory.java:277)
	at org.apache.sis.referencing.factory.ConcurrentAuthorityFactory.createGeographicCRS(ConcurrentAuthorityFactory.java:894)
	at org.apache.sis.referencing.CommonCRS.geographic(CommonCRS.java:644)
	at org.apache.sis.referencing.CommonCRS.normalizedGeographic(CommonCRS.java:599)
	at org.apache.sis.referencing.factory.CommonAuthorityFactory.createCoordinateReferenceSystem(CommonAuthorityFactory.java:549)
	at org.apache.sis.referencing.factory.AuthorityFactoryProxy$22.createFromAPI(AuthorityFactoryProxy.java:398)
	at org.apache.sis.referencing.factory.AuthorityFactoryProxy$22.createFromAPI(AuthorityFactoryProxy.java:393)
	at org.apache.sis.referencing.factory.MultiAuthoritiesFactory.create(MultiAuthoritiesFactory.java:860)
	at org.apache.sis.referencing.factory.MultiAuthoritiesFactory.createCoordinateReferenceSystem(MultiAuthoritiesFactory.java:921)
	at org.apache.sis.referencing.CRS.forCode(CRS.java:243)
	at io.github.galbiston.geosparql_jena.implementation.SRSInfo.getDefaultWktCRS84(SRSInfo.java:240)
	at io.github.galbiston.geosparql_jena.implementation.SRSInfo.<clinit>(SRSInfo.java:49)
	at io.github.galbiston.geosparql_jena.implementation.registry.SRSRegistry.storeSRS(SRSRegistry.java:73)
	at io.github.galbiston.geosparql_jena.implementation.registry.SRSRegistry.getAxisXY(SRSRegistry.java:51)
	at io.github.galbiston.geosparql_jena.implementation.GeometryReverse.check(GeometryReverse.java:45)
	at io.github.galbiston.geosparql_jena.implementation.GeometryWrapperFactory.createGeometry(GeometryWrapperFactory.java:218)
	at io.github.galbiston.geosparql_jena.implementation.GeometryWrapperFactory.createPolygon(GeometryWrapperFactory.java:105)
	at io.github.galbiston.geosparql_jena.implementation.GeometryWrapperFactory.createPolygon(GeometryWrapperFactory.java:276)
	at Tutorial_Transform.createNode(Tutorial_Transform.java:82)
	at Tutorial_Transform.main(Tutorial_Transform.java:42)
Caused by: ERROR XCL20: Catalogs at version level 'null' cannot be upgraded to version level '10.13'.
	at org.apache.derby.iapi.error.StandardException.newException(Unknown Source)
	at org.apache.derby.iapi.error.StandardException.newException(Unknown Source)
	at org.apache.derby.impl.sql.catalog.DD_Version.upgradeIfNeeded(Unknown Source)
	at org.apache.derby.impl.sql.catalog.DataDictionaryImpl.loadDictionaryTables(Unknown Source)
	at org.apache.derby.impl.sql.catalog.DataDictionaryImpl.boot(Unknown Source)
	at org.apache.derby.impl.services.monitor.BaseMonitor.boot(Unknown Source)
	at org.apache.derby.impl.services.monitor.TopService.bootModule(Unknown Source)
	at org.apache.derby.impl.services.monitor.BaseMonitor.startModule(Unknown Source)
	at org.apache.derby.impl.services.monitor.FileMonitor.startModule(Unknown Source)
	at org.apache.derby.iapi.services.monitor.Monitor.bootServiceModule(Unknown Source)
	at org.apache.derby.impl.db.BasicDatabase$5.run(Unknown Source)
	at java.security.AccessController.doPrivileged(Native Method)
	at org.apache.derby.impl.db.BasicDatabase.bootServiceModule(Unknown Source)
	at org.apache.derby.impl.db.BasicDatabase.boot(Unknown Source)
	at org.apache.derby.impl.services.monitor.BaseMonitor.boot(Unknown Source)
	at org.apache.derby.impl.services.monitor.TopService.bootModule(Unknown Source)
	at org.apache.derby.impl.services.monitor.BaseMonitor.bootService(Unknown Source)
	at org.apache.derby.impl.services.monitor.BaseMonitor.startProviderService(Unknown Source)
	at org.apache.derby.impl.services.monitor.BaseMonitor.findProviderAndStartService(Unknown Source)
	at org.apache.derby.impl.services.monitor.BaseMonitor.startPersistentService(Unknown Source)
	at org.apache.derby.iapi.services.monitor.Monitor.startPersistentService(Unknown Source)
	at org.apache.derby.impl.jdbc.EmbedConnection$4.run(Unknown Source)
	at org.apache.derby.impl.jdbc.EmbedConnection$4.run(Unknown Source)
	at java.security.AccessController.doPrivileged(Native Method)
	at org.apache.derby.impl.jdbc.EmbedConnection.startPersistentService(Unknown Source)
	... 35 more
============= end nested exception, level (1) ===========
============= begin nested exception, level (2) ===========
ERROR XCL20: Catalogs at version level 'null' cannot be upgraded to version level '10.13'.
	at org.apache.derby.iapi.error.StandardException.newException(Unknown Source)
	at org.apache.derby.iapi.error.StandardException.newException(Unknown Source)
	at org.apache.derby.impl.sql.catalog.DD_Version.upgradeIfNeeded(Unknown Source)
	at org.apache.derby.impl.sql.catalog.DataDictionaryImpl.loadDictionaryTables(Unknown Source)
	at org.apache.derby.impl.sql.catalog.DataDictionaryImpl.boot(Unknown Source)
	at org.apache.derby.impl.services.monitor.BaseMonitor.boot(Unknown Source)
	at org.apache.derby.impl.services.monitor.TopService.bootModule(Unknown Source)
	at org.apache.derby.impl.services.monitor.BaseMonitor.startModule(Unknown Source)
	at org.apache.derby.impl.services.monitor.FileMonitor.startModule(Unknown Source)
	at org.apache.derby.iapi.services.monitor.Monitor.bootServiceModule(Unknown Source)
	at org.apache.derby.impl.db.BasicDatabase$5.run(Unknown Source)
	at java.security.AccessController.doPrivileged(Native Method)
	at org.apache.derby.impl.db.BasicDatabase.bootServiceModule(Unknown Source)
	at org.apache.derby.impl.db.BasicDatabase.boot(Unknown Source)
	at org.apache.derby.impl.services.monitor.BaseMonitor.boot(Unknown Source)
	at org.apache.derby.impl.services.monitor.TopService.bootModule(Unknown Source)
	at org.apache.derby.impl.services.monitor.BaseMonitor.bootService(Unknown Source)
	at org.apache.derby.impl.services.monitor.BaseMonitor.startProviderService(Unknown Source)
	at org.apache.derby.impl.services.monitor.BaseMonitor.findProviderAndStartService(Unknown Source)
	at org.apache.derby.impl.services.monitor.BaseMonitor.startPersistentService(Unknown Source)
	at org.apache.derby.iapi.services.monitor.Monitor.startPersistentService(Unknown Source)
	at org.apache.derby.impl.jdbc.EmbedConnection$4.run(Unknown Source)
	at org.apache.derby.impl.jdbc.EmbedConnection$4.run(Unknown Source)
	at java.security.AccessController.doPrivileged(Native Method)
	at org.apache.derby.impl.jdbc.EmbedConnection.startPersistentService(Unknown Source)
	at org.apache.derby.impl.jdbc.EmbedConnection.bootDatabase(Unknown Source)
	at org.apache.derby.impl.jdbc.EmbedConnection.<init>(Unknown Source)
	at org.apache.derby.jdbc.InternalDriver$1.run(Unknown Source)
	at org.apache.derby.jdbc.InternalDriver$1.run(Unknown Source)
	at java.security.AccessController.doPrivileged(Native Method)
	at org.apache.derby.jdbc.InternalDriver.getNewEmbedConnection(Unknown Source)
	at org.apache.derby.jdbc.InternalDriver.connect(Unknown Source)
	at org.apache.derby.jdbc.BasicEmbeddedDataSource40.getConnection(Unknown Source)
	at org.apache.derby.jdbc.BasicEmbeddedDataSource40.getConnection(Unknown Source)
	at org.apache.sis.internal.metadata.sql.LocalDataSource.getConnection(LocalDataSource.java:381)
	at org.apache.sis.referencing.factory.sql.EPSGFactory.newDataAccess(EPSGFactory.java:458)
	at org.apache.sis.referencing.factory.sql.EPSGFactory.newDataAccess(EPSGFactory.java:89)
	at org.apache.sis.referencing.factory.ConcurrentAuthorityFactory.getDataAccess(ConcurrentAuthorityFactory.java:397)
	at org.apache.sis.referencing.factory.ConcurrentAuthorityFactory.create(ConcurrentAuthorityFactory.java:1671)
	at org.apache.sis.referencing.factory.ConcurrentAuthorityFactory.createCoordinateReferenceSystem(ConcurrentAuthorityFactory.java:873)
	at org.apache.sis.referencing.factory.GeodeticAuthorityFactory.createGeographicCRS(GeodeticAuthorityFactory.java:277)
	at org.apache.sis.referencing.factory.ConcurrentAuthorityFactory.createGeographicCRS(ConcurrentAuthorityFactory.java:894)
	at org.apache.sis.referencing.CommonCRS.geographic(CommonCRS.java:644)
	at org.apache.sis.referencing.CommonCRS.normalizedGeographic(CommonCRS.java:599)
	at org.apache.sis.referencing.factory.CommonAuthorityFactory.createCoordinateReferenceSystem(CommonAuthorityFactory.java:549)
	at org.apache.sis.referencing.factory.AuthorityFactoryProxy$22.createFromAPI(AuthorityFactoryProxy.java:398)
	at org.apache.sis.referencing.factory.AuthorityFactoryProxy$22.createFromAPI(AuthorityFactoryProxy.java:393)
	at org.apache.sis.referencing.factory.MultiAuthoritiesFactory.create(MultiAuthoritiesFactory.java:860)
	at org.apache.sis.referencing.factory.MultiAuthoritiesFactory.createCoordinateReferenceSystem(MultiAuthoritiesFactory.java:921)
	at org.apache.sis.referencing.CRS.forCode(CRS.java:243)
	at io.github.galbiston.geosparql_jena.implementation.SRSInfo.getDefaultWktCRS84(SRSInfo.java:240)
	at io.github.galbiston.geosparql_jena.implementation.SRSInfo.<clinit>(SRSInfo.java:49)
	at io.github.galbiston.geosparql_jena.implementation.registry.SRSRegistry.storeSRS(SRSRegistry.java:73)
	at io.github.galbiston.geosparql_jena.implementation.registry.SRSRegistry.getAxisXY(SRSRegistry.java:51)
	at io.github.galbiston.geosparql_jena.implementation.GeometryReverse.check(GeometryReverse.java:45)
	at io.github.galbiston.geosparql_jena.implementation.GeometryWrapperFactory.createGeometry(GeometryWrapperFactory.java:218)
	at io.github.galbiston.geosparql_jena.implementation.GeometryWrapperFactory.createPolygon(GeometryWrapperFactory.java:105)
	at io.github.galbiston.geosparql_jena.implementation.GeometryWrapperFactory.createPolygon(GeometryWrapperFactory.java:276)
	at Tutorial_Transform.createNode(Tutorial_Transform.java:82)
	at Tutorial_Transform.main(Tutorial_Transform.java:42)
============= end nested exception, level (2) ===========
Cleanup action completed
----------------------------------------------------------------
Wed May 05 22:22:45 SGT 2021:
Booting Derby (version The Apache Software Foundation - Apache Derby - 10.13.1.1 - (1765088)) instance 601a400f-0179-3ce8-da5d-00000b810518 
on database directory classpath:SIS_DATA/Databases/SpatialMetadata in READ ONLY mode with class loader sun.misc.Launcher$AppClassLoader@18b4aac2. 
Loaded from file:/C:/Users/Shiying/.m2/repository/org/apache/derby/derby/10.13.1.1/derby-10.13.1.1.jar.
java.vendor=Oracle Corporation
java.runtime.version=1.8.0_291-b10
user.dir=C:\Users\Shiying\Documents\CKG\jena-geo
os.name=Windows 10
os.arch=amd64
os.version=10.0
derby.system.home=null
Database Class Loader started - derby.database.classpath=''
----------------------------------------------------------------
Wed May 05 22:22:45 SGT 2021:
Shutting down instance 601a400f-0179-3ce8-da5d-00000b810518 on database directory classpath:SIS_DATA/Databases/SpatialMetadata with class loader sun.misc.Launcher$AppClassLoader@18b4aac2 
Wed May 05 22:22:45 SGT 2021 Thread[main,5,main] Cleanup action starting
java.sql.SQLException: Failed to start database 'classpath:SIS_DATA/Databases/SpatialMetadata' with class loader sun.misc.Launcher$AppClassLoader@18b4aac2, see the next exception for details.
	at org.apache.derby.impl.jdbc.SQLExceptionFactory.getSQLException(Unknown Source)
	at org.apache.derby.impl.jdbc.SQLExceptionFactory.getSQLException(Unknown Source)
	at org.apache.derby.impl.jdbc.Util.seeNextException(Unknown Source)
	at org.apache.derby.impl.jdbc.EmbedConnection.bootDatabase(Unknown Source)
	at org.apache.derby.impl.jdbc.EmbedConnection.<init>(Unknown Source)
	at org.apache.derby.jdbc.InternalDriver$1.run(Unknown Source)
	at org.apache.derby.jdbc.InternalDriver$1.run(Unknown Source)
	at java.security.AccessController.doPrivileged(Native Method)
	at org.apache.derby.jdbc.InternalDriver.getNewEmbedConnection(Unknown Source)
	at org.apache.derby.jdbc.InternalDriver.connect(Unknown Source)
	at org.apache.derby.jdbc.BasicEmbeddedDataSource40.getConnection(Unknown Source)
	at org.apache.derby.jdbc.BasicEmbeddedDataSource40.getConnection(Unknown Source)
	at org.apache.sis.internal.metadata.sql.LocalDataSource.getConnection(LocalDataSource.java:381)
	at org.apache.sis.metadata.sql.MetadataSource.connection(MetadataSource.java:483)
	at org.apache.sis.metadata.sql.MetadataSource.install(MetadataSource.java:450)
	at org.apache.sis.metadata.sql.MetadataSource.getProvided(MetadataSource.java:314)
	at org.apache.sis.internal.simple.CitationConstant.delegate(CitationConstant.java:177)
	at org.apache.sis.internal.simple.CitationConstant.getEdition(CitationConstant.java:202)
	at org.apache.sis.internal.metadata.NameMeaning.getVersion(NameMeaning.java:244)
	at org.apache.sis.referencing.factory.AuthorityFactoryIdentifier.versionOf(AuthorityFactoryIdentifier.java:182)
	at org.apache.sis.referencing.factory.MultiAuthoritiesFactory.getAuthorityFactory(MultiAuthoritiesFactory.java:657)
	at org.apache.sis.referencing.factory.MultiAuthoritiesFactory.create(MultiAuthoritiesFactory.java:860)
	at org.apache.sis.referencing.factory.MultiAuthoritiesFactory.createCoordinateReferenceSystem(MultiAuthoritiesFactory.java:921)
	at org.apache.sis.referencing.CRS.forCode(CRS.java:243)
	at io.github.galbiston.geosparql_jena.implementation.SRSInfo.<init>(SRSInfo.java:57)
	at io.github.galbiston.geosparql_jena.implementation.registry.SRSRegistry.storeSRS(SRSRegistry.java:73)
	at io.github.galbiston.geosparql_jena.implementation.registry.SRSRegistry.getAxisXY(SRSRegistry.java:51)
	at io.github.galbiston.geosparql_jena.implementation.GeometryReverse.check(GeometryReverse.java:45)
	at io.github.galbiston.geosparql_jena.implementation.GeometryWrapperFactory.createGeometry(GeometryWrapperFactory.java:218)
	at io.github.galbiston.geosparql_jena.implementation.GeometryWrapperFactory.createPolygon(GeometryWrapperFactory.java:105)
	at io.github.galbiston.geosparql_jena.implementation.GeometryWrapperFactory.createPolygon(GeometryWrapperFactory.java:276)
	at Tutorial_Transform.createNode(Tutorial_Transform.java:82)
	at Tutorial_Transform.main(Tutorial_Transform.java:42)
Caused by: ERROR XJ040: Failed to start database 'classpath:SIS_DATA/Databases/SpatialMetadata' with class loader sun.misc.Launcher$AppClassLoader@18b4aac2, see the next exception for details.
	at org.apache.derby.iapi.error.StandardException.newException(Unknown Source)
	at org.apache.derby.impl.jdbc.SQLExceptionFactory.wrapArgsForTransportAcrossDRDA(Unknown Source)
	... 33 more
Caused by: ERROR XCL20: Catalogs at version level 'null' cannot be upgraded to version level '10.13'.
	at org.apache.derby.iapi.error.StandardException.newException(Unknown Source)
	at org.apache.derby.iapi.error.StandardException.newException(Unknown Source)
	at org.apache.derby.impl.sql.catalog.DD_Version.upgradeIfNeeded(Unknown Source)
	at org.apache.derby.impl.sql.catalog.DataDictionaryImpl.loadDictionaryTables(Unknown Source)
	at org.apache.derby.impl.sql.catalog.DataDictionaryImpl.boot(Unknown Source)
	at org.apache.derby.impl.services.monitor.BaseMonitor.boot(Unknown Source)
	at org.apache.derby.impl.services.monitor.TopService.bootModule(Unknown Source)
	at org.apache.derby.impl.services.monitor.BaseMonitor.startModule(Unknown Source)
	at org.apache.derby.impl.services.monitor.FileMonitor.startModule(Unknown Source)
	at org.apache.derby.iapi.services.monitor.Monitor.bootServiceModule(Unknown Source)
	at org.apache.derby.impl.db.BasicDatabase$5.run(Unknown Source)
	at java.security.AccessController.doPrivileged(Native Method)
	at org.apache.derby.impl.db.BasicDatabase.bootServiceModule(Unknown Source)
	at org.apache.derby.impl.db.BasicDatabase.boot(Unknown Source)
	at org.apache.derby.impl.services.monitor.BaseMonitor.boot(Unknown Source)
	at org.apache.derby.impl.services.monitor.TopService.bootModule(Unknown Source)
	at org.apache.derby.impl.services.monitor.BaseMonitor.bootService(Unknown Source)
	at org.apache.derby.impl.services.monitor.BaseMonitor.startProviderService(Unknown Source)
	at org.apache.derby.impl.services.monitor.BaseMonitor.findProviderAndStartService(Unknown Source)
	at org.apache.derby.impl.services.monitor.BaseMonitor.startPersistentService(Unknown Source)
	at org.apache.derby.iapi.services.monitor.Monitor.startPersistentService(Unknown Source)
	at org.apache.derby.impl.jdbc.EmbedConnection$4.run(Unknown Source)
	at org.apache.derby.impl.jdbc.EmbedConnection$4.run(Unknown Source)
	at java.security.AccessController.doPrivileged(Native Method)
	at org.apache.derby.impl.jdbc.EmbedConnection.startPersistentService(Unknown Source)
	... 30 more
============= begin nested exception, level (1) ===========
java.sql.SQLException: Catalogs at version level 'null' cannot be upgraded to version level '10.13'.
	at org.apache.derby.impl.jdbc.SQLExceptionFactory.getSQLException(Unknown Source)
	at org.apache.derby.impl.jdbc.Util.generateCsSQLException(Unknown Source)
	at org.apache.derby.impl.jdbc.EmbedConnection.bootDatabase(Unknown Source)
	at org.apache.derby.impl.jdbc.EmbedConnection.<init>(Unknown Source)
	at org.apache.derby.jdbc.InternalDriver$1.run(Unknown Source)
	at org.apache.derby.jdbc.InternalDriver$1.run(Unknown Source)
	at java.security.AccessController.doPrivileged(Native Method)
	at org.apache.derby.jdbc.InternalDriver.getNewEmbedConnection(Unknown Source)
	at org.apache.derby.jdbc.InternalDriver.connect(Unknown Source)
	at org.apache.derby.jdbc.BasicEmbeddedDataSource40.getConnection(Unknown Source)
	at org.apache.derby.jdbc.BasicEmbeddedDataSource40.getConnection(Unknown Source)
	at org.apache.sis.internal.metadata.sql.LocalDataSource.getConnection(LocalDataSource.java:381)
	at org.apache.sis.metadata.sql.MetadataSource.connection(MetadataSource.java:483)
	at org.apache.sis.metadata.sql.MetadataSource.install(MetadataSource.java:450)
	at org.apache.sis.metadata.sql.MetadataSource.getProvided(MetadataSource.java:314)
	at org.apache.sis.internal.simple.CitationConstant.delegate(CitationConstant.java:177)
	at org.apache.sis.internal.simple.CitationConstant.getEdition(CitationConstant.java:202)
	at org.apache.sis.internal.metadata.NameMeaning.getVersion(NameMeaning.java:244)
	at org.apache.sis.referencing.factory.AuthorityFactoryIdentifier.versionOf(AuthorityFactoryIdentifier.java:182)
	at org.apache.sis.referencing.factory.MultiAuthoritiesFactory.getAuthorityFactory(MultiAuthoritiesFactory.java:657)
	at org.apache.sis.referencing.factory.MultiAuthoritiesFactory.create(MultiAuthoritiesFactory.java:860)
	at org.apache.sis.referencing.factory.MultiAuthoritiesFactory.createCoordinateReferenceSystem(MultiAuthoritiesFactory.java:921)
	at org.apache.sis.referencing.CRS.forCode(CRS.java:243)
	at io.github.galbiston.geosparql_jena.implementation.SRSInfo.<init>(SRSInfo.java:57)
	at io.github.galbiston.geosparql_jena.implementation.registry.SRSRegistry.storeSRS(SRSRegistry.java:73)
	at io.github.galbiston.geosparql_jena.implementation.registry.SRSRegistry.getAxisXY(SRSRegistry.java:51)
	at io.github.galbiston.geosparql_jena.implementation.GeometryReverse.check(GeometryReverse.java:45)
	at io.github.galbiston.geosparql_jena.implementation.GeometryWrapperFactory.createGeometry(GeometryWrapperFactory.java:218)
	at io.github.galbiston.geosparql_jena.implementation.GeometryWrapperFactory.createPolygon(GeometryWrapperFactory.java:105)
	at io.github.galbiston.geosparql_jena.implementation.GeometryWrapperFactory.createPolygon(GeometryWrapperFactory.java:276)
	at Tutorial_Transform.createNode(Tutorial_Transform.java:82)
	at Tutorial_Transform.main(Tutorial_Transform.java:42)
Caused by: ERROR XCL20: Catalogs at version level 'null' cannot be upgraded to version level '10.13'.
	at org.apache.derby.iapi.error.StandardException.newException(Unknown Source)
	at org.apache.derby.iapi.error.StandardException.newException(Unknown Source)
	at org.apache.derby.impl.sql.catalog.DD_Version.upgradeIfNeeded(Unknown Source)
	at org.apache.derby.impl.sql.catalog.DataDictionaryImpl.loadDictionaryTables(Unknown Source)
	at org.apache.derby.impl.sql.catalog.DataDictionaryImpl.boot(Unknown Source)
	at org.apache.derby.impl.services.monitor.BaseMonitor.boot(Unknown Source)
	at org.apache.derby.impl.services.monitor.TopService.bootModule(Unknown Source)
	at org.apache.derby.impl.services.monitor.BaseMonitor.startModule(Unknown Source)
	at org.apache.derby.impl.services.monitor.FileMonitor.startModule(Unknown Source)
	at org.apache.derby.iapi.services.monitor.Monitor.bootServiceModule(Unknown Source)
	at org.apache.derby.impl.db.BasicDatabase$5.run(Unknown Source)
	at java.security.AccessController.doPrivileged(Native Method)
	at org.apache.derby.impl.db.BasicDatabase.bootServiceModule(Unknown Source)
	at org.apache.derby.impl.db.BasicDatabase.boot(Unknown Source)
	at org.apache.derby.impl.services.monitor.BaseMonitor.boot(Unknown Source)
	at org.apache.derby.impl.services.monitor.TopService.bootModule(Unknown Source)
	at org.apache.derby.impl.services.monitor.BaseMonitor.bootService(Unknown Source)
	at org.apache.derby.impl.services.monitor.BaseMonitor.startProviderService(Unknown Source)
	at org.apache.derby.impl.services.monitor.BaseMonitor.findProviderAndStartService(Unknown Source)
	at org.apache.derby.impl.services.monitor.BaseMonitor.startPersistentService(Unknown Source)
	at org.apache.derby.iapi.services.monitor.Monitor.startPersistentService(Unknown Source)
	at org.apache.derby.impl.jdbc.EmbedConnection$4.run(Unknown Source)
	at org.apache.derby.impl.jdbc.EmbedConnection$4.run(Unknown Source)
	at java.security.AccessController.doPrivileged(Native Method)
	at org.apache.derby.impl.jdbc.EmbedConnection.startPersistentService(Unknown Source)
	... 30 more
============= end nested exception, level (1) ===========
============= begin nested exception, level (2) ===========
ERROR XCL20: Catalogs at version level 'null' cannot be upgraded to version level '10.13'.
	at org.apache.derby.iapi.error.StandardException.newException(Unknown Source)
	at org.apache.derby.iapi.error.StandardException.newException(Unknown Source)
	at org.apache.derby.impl.sql.catalog.DD_Version.upgradeIfNeeded(Unknown Source)
	at org.apache.derby.impl.sql.catalog.DataDictionaryImpl.loadDictionaryTables(Unknown Source)
	at org.apache.derby.impl.sql.catalog.DataDictionaryImpl.boot(Unknown Source)
	at org.apache.derby.impl.services.monitor.BaseMonitor.boot(Unknown Source)
	at org.apache.derby.impl.services.monitor.TopService.bootModule(Unknown Source)
	at org.apache.derby.impl.services.monitor.BaseMonitor.startModule(Unknown Source)
	at org.apache.derby.impl.services.monitor.FileMonitor.startModule(Unknown Source)
	at org.apache.derby.iapi.services.monitor.Monitor.bootServiceModule(Unknown Source)
	at org.apache.derby.impl.db.BasicDatabase$5.run(Unknown Source)
	at java.security.AccessController.doPrivileged(Native Method)
	at org.apache.derby.impl.db.BasicDatabase.bootServiceModule(Unknown Source)
	at org.apache.derby.impl.db.BasicDatabase.boot(Unknown Source)
	at org.apache.derby.impl.services.monitor.BaseMonitor.boot(Unknown Source)
	at org.apache.derby.impl.services.monitor.TopService.bootModule(Unknown Source)
	at org.apache.derby.impl.services.monitor.BaseMonitor.bootService(Unknown Source)
	at org.apache.derby.impl.services.monitor.BaseMonitor.startProviderService(Unknown Source)
	at org.apache.derby.impl.services.monitor.BaseMonitor.findProviderAndStartService(Unknown Source)
	at org.apache.derby.impl.services.monitor.BaseMonitor.startPersistentService(Unknown Source)
	at org.apache.derby.iapi.services.monitor.Monitor.startPersistentService(Unknown Source)
	at org.apache.derby.impl.jdbc.EmbedConnection$4.run(Unknown Source)
	at org.apache.derby.impl.jdbc.EmbedConnection$4.run(Unknown Source)
	at java.security.AccessController.doPrivileged(Native Method)
	at org.apache.derby.impl.jdbc.EmbedConnection.startPersistentService(Unknown Source)
	at org.apache.derby.impl.jdbc.EmbedConnection.bootDatabase(Unknown Source)
	at org.apache.derby.impl.jdbc.EmbedConnection.<init>(Unknown Source)
	at org.apache.derby.jdbc.InternalDriver$1.run(Unknown Source)
	at org.apache.derby.jdbc.InternalDriver$1.run(Unknown Source)
	at java.security.AccessController.doPrivileged(Native Method)
	at org.apache.derby.jdbc.InternalDriver.getNewEmbedConnection(Unknown Source)
	at org.apache.derby.jdbc.InternalDriver.connect(Unknown Source)
	at org.apache.derby.jdbc.BasicEmbeddedDataSource40.getConnection(Unknown Source)
	at org.apache.derby.jdbc.BasicEmbeddedDataSource40.getConnection(Unknown Source)
	at org.apache.sis.internal.metadata.sql.LocalDataSource.getConnection(LocalDataSource.java:381)
	at org.apache.sis.metadata.sql.MetadataSource.connection(MetadataSource.java:483)
	at org.apache.sis.metadata.sql.MetadataSource.install(MetadataSource.java:450)
	at org.apache.sis.metadata.sql.MetadataSource.getProvided(MetadataSource.java:314)
	at org.apache.sis.internal.simple.CitationConstant.delegate(CitationConstant.java:177)
	at org.apache.sis.internal.simple.CitationConstant.getEdition(CitationConstant.java:202)
	at org.apache.sis.internal.metadata.NameMeaning.getVersion(NameMeaning.java:244)
	at org.apache.sis.referencing.factory.AuthorityFactoryIdentifier.versionOf(AuthorityFactoryIdentifier.java:182)
	at org.apache.sis.referencing.factory.MultiAuthoritiesFactory.getAuthorityFactory(MultiAuthoritiesFactory.java:657)
	at org.apache.sis.referencing.factory.MultiAuthoritiesFactory.create(MultiAuthoritiesFactory.java:860)
	at org.apache.sis.referencing.factory.MultiAuthoritiesFactory.createCoordinateReferenceSystem(MultiAuthoritiesFactory.java:921)
	at org.apache.sis.referencing.CRS.forCode(CRS.java:243)
	at io.github.galbiston.geosparql_jena.implementation.SRSInfo.<init>(SRSInfo.java:57)
	at io.github.galbiston.geosparql_jena.implementation.registry.SRSRegistry.storeSRS(SRSRegistry.java:73)
	at io.github.galbiston.geosparql_jena.implementation.registry.SRSRegistry.getAxisXY(SRSRegistry.java:51)
	at io.github.galbiston.geosparql_jena.implementation.GeometryReverse.check(GeometryReverse.java:45)
	at io.github.galbiston.geosparql_jena.implementation.GeometryWrapperFactory.createGeometry(GeometryWrapperFactory.java:218)
	at io.github.galbiston.geosparql_jena.implementation.GeometryWrapperFactory.createPolygon(GeometryWrapperFactory.java:105)
	at io.github.galbiston.geosparql_jena.implementation.GeometryWrapperFactory.createPolygon(GeometryWrapperFactory.java:276)
	at Tutorial_Transform.createNode(Tutorial_Transform.java:82)
	at Tutorial_Transform.main(Tutorial_Transform.java:42)
============= end nested exception, level (2) ===========
Cleanup action completed
Wed May 05 22:25:19 SGT 2021 Thread[Shutdown,5,Apache SIS] Cleanup action starting
java.sql.SQLException: Database 'classpath:SIS_DATA/Databases/SpatialMetadata' not found.
	at org.apache.derby.impl.jdbc.SQLExceptionFactory.getSQLException(Unknown Source)
	at org.apache.derby.impl.jdbc.SQLExceptionFactory.getSQLException(Unknown Source)
	at org.apache.derby.impl.jdbc.Util.generateCsSQLException(Unknown Source)
	at org.apache.derby.impl.jdbc.Util.generateCsSQLException(Unknown Source)
	at org.apache.derby.impl.jdbc.EmbedConnection.newSQLException(Unknown Source)
	at org.apache.derby.impl.jdbc.EmbedConnection.handleDBNotFound(Unknown Source)
	at org.apache.derby.impl.jdbc.EmbedConnection.<init>(Unknown Source)
	at org.apache.derby.jdbc.InternalDriver$1.run(Unknown Source)
	at org.apache.derby.jdbc.InternalDriver$1.run(Unknown Source)
	at java.security.AccessController.doPrivileged(Native Method)
	at org.apache.derby.jdbc.InternalDriver.getNewEmbedConnection(Unknown Source)
	at org.apache.derby.jdbc.InternalDriver.connect(Unknown Source)
	at org.apache.derby.jdbc.BasicEmbeddedDataSource40.getConnection(Unknown Source)
	at org.apache.derby.jdbc.BasicEmbeddedDataSource40.getConnection(Unknown Source)
	at org.apache.sis.internal.metadata.sql.LocalDataSource.shutdown(LocalDataSource.java:297)
	at org.apache.sis.internal.metadata.sql.Initializer.shutdown(Initializer.java:471)
	at org.apache.sis.internal.metadata.sql.Initializer.lambda$getDataSource$0(Initializer.java:349)
	at org.apache.sis.internal.system.Shutdown.stop(Shutdown.java:184)
	at org.apache.sis.internal.system.Shutdown.run(Shutdown.java:66)
Caused by: ERROR XJ004: Database 'classpath:SIS_DATA/Databases/SpatialMetadata' not found.
	at org.apache.derby.iapi.error.StandardException.newException(Unknown Source)
	at org.apache.derby.impl.jdbc.SQLExceptionFactory.wrapArgsForTransportAcrossDRDA(Unknown Source)
	... 19 more
============= begin nested exception, level (1) ===========
ERROR XJ004: Database 'classpath:SIS_DATA/Databases/SpatialMetadata' not found.
	at org.apache.derby.iapi.error.StandardException.newException(Unknown Source)
	at org.apache.derby.impl.jdbc.SQLExceptionFactory.wrapArgsForTransportAcrossDRDA(Unknown Source)
	at org.apache.derby.impl.jdbc.SQLExceptionFactory.getSQLException(Unknown Source)
	at org.apache.derby.impl.jdbc.SQLExceptionFactory.getSQLException(Unknown Source)
	at org.apache.derby.impl.jdbc.Util.generateCsSQLException(Unknown Source)
	at org.apache.derby.impl.jdbc.Util.generateCsSQLException(Unknown Source)
	at org.apache.derby.impl.jdbc.EmbedConnection.newSQLException(Unknown Source)
	at org.apache.derby.impl.jdbc.EmbedConnection.handleDBNotFound(Unknown Source)
	at org.apache.derby.impl.jdbc.EmbedConnection.<init>(Unknown Source)
	at org.apache.derby.jdbc.InternalDriver$1.run(Unknown Source)
	at org.apache.derby.jdbc.InternalDriver$1.run(Unknown Source)
	at java.security.AccessController.doPrivileged(Native Method)
	at org.apache.derby.jdbc.InternalDriver.getNewEmbedConnection(Unknown Source)
	at org.apache.derby.jdbc.InternalDriver.connect(Unknown Source)
	at org.apache.derby.jdbc.BasicEmbeddedDataSource40.getConnection(Unknown Source)
	at org.apache.derby.jdbc.BasicEmbeddedDataSource40.getConnection(Unknown Source)
	at org.apache.sis.internal.metadata.sql.LocalDataSource.shutdown(LocalDataSource.java:297)
	at org.apache.sis.internal.metadata.sql.Initializer.shutdown(Initializer.java:471)
	at org.apache.sis.internal.metadata.sql.Initializer.lambda$getDataSource$0(Initializer.java:349)
	at org.apache.sis.internal.system.Shutdown.stop(Shutdown.java:184)
	at org.apache.sis.internal.system.Shutdown.run(Shutdown.java:66)
============= end nested exception, level (1) ===========
Cleanup action completed
